TN:
SF:src/auth.ts
FN:21,generateToken
FN:37,verifyToken
FN:52,generateRefreshToken
FNF:3
FNH:3
FNDA:8,generateToken
FNDA:7,verifyToken
FNDA:3,generateRefreshToken
DA:1,1
DA:2,1
DA:3,1
DA:4,1
DA:5,1
DA:6,1
DA:7,1
DA:8,1
DA:9,1
DA:10,1
DA:11,1
DA:12,1
DA:13,1
DA:14,1
DA:15,1
DA:16,1
DA:17,1
DA:18,1
DA:19,1
DA:20,1
DA:21,1
DA:22,8
DA:23,8
DA:24,8
DA:25,8
DA:26,8
DA:27,8
DA:28,8
DA:29,8
DA:30,8
DA:31,8
DA:32,8
DA:33,1
DA:34,1
DA:35,1
DA:36,1
DA:37,1
DA:38,7
DA:39,7
DA:40,7
DA:41,7
DA:42,7
DA:43,4
DA:44,4
DA:45,4
DA:46,7
DA:47,1
DA:48,1
DA:49,1
DA:50,1
DA:51,1
DA:52,1
DA:53,3
DA:54,3
LF:54
LH:54
BRDA:5,0,0,0
BRDA:21,1,0,8
BRDA:37,2,0,7
BRDA:42,3,0,4
BRDA:52,4,0,3
BRF:5
BRH:4
end_of_record
TN:
SF:src/server.ts
FN:39,validateClient
FNF:1
FNH:1
FNDA:10,validateClient
DA:1,1
DA:2,1
DA:3,1
DA:4,1
DA:5,1
DA:6,1
DA:7,1
DA:8,1
DA:9,1
DA:10,1
DA:11,1
DA:12,1
DA:13,1
DA:14,1
DA:15,1
DA:16,1
DA:17,1
DA:18,1
DA:19,1
DA:20,1
DA:21,1
DA:22,1
DA:23,1
DA:24,1
DA:25,1
DA:26,1
DA:27,1
DA:28,1
DA:29,1
DA:30,1
DA:31,1
DA:32,1
DA:33,1
DA:34,1
DA:35,1
DA:36,1
DA:37,1
DA:38,1
DA:39,10
DA:40,10
DA:41,10
DA:42,1
DA:43,1
DA:44,1
DA:45,1
DA:46,1
DA:47,1
DA:48,1
DA:49,1
DA:50,13
DA:51,13
DA:52,13
DA:53,13
DA:54,1
DA:55,1
DA:56,12
DA:57,13
DA:58,2
DA:59,2
DA:60,10
DA:61,10
DA:62,13
DA:63,2
DA:64,2
DA:65,8
DA:66,8
DA:67,13
DA:68,13
DA:69,13
DA:70,13
DA:71,13
DA:72,1
DA:73,1
DA:74,7
DA:75,7
DA:76,7
DA:77,7
DA:78,7
DA:79,7
DA:80,7
DA:81,7
DA:82,7
DA:83,7
DA:84,7
DA:85,7
DA:86,7
DA:87,7
DA:88,1
DA:89,1
DA:90,1
DA:91,6
DA:92,6
DA:93,6
DA:94,1
DA:95,1
DA:96,5
DA:97,5
DA:98,5
DA:99,5
DA:100,5
DA:101,5
DA:102,5
DA:103,5
DA:104,5
DA:105,6
DA:106,2
DA:107,2
DA:108,6
DA:109,1
DA:110,1
DA:111,1
DA:112,1
DA:113,1
DA:114,1
DA:115,1
DA:116,1
DA:117,1
DA:118,1
DA:119,1
DA:120,1
DA:121,1
DA:122,1
DA:123,1
DA:124,1
DA:125,1
DA:126,1
DA:127,1
DA:128,1
DA:129,1
DA:130,1
DA:131,1
DA:132,1
DA:133,1
DA:134,1
DA:135,1
DA:136,1
DA:137,0
DA:138,0
DA:139,0
DA:140,0
DA:141,1
DA:142,1
DA:143,1
LF:143
LH:139
BRDA:133,0,0,0
BRDA:136,1,0,0
BRDA:39,2,0,10
BRDA:44,3,0,1
BRDA:49,4,0,13
BRDA:53,5,0,12
BRDA:53,6,0,1
BRDA:55,7,0,12
BRDA:57,8,0,2
BRDA:59,9,0,10
BRDA:62,10,0,2
BRDA:64,11,0,8
BRDA:67,12,0,0
BRDA:68,13,0,0
BRDA:71,14,0,1
BRDA:73,15,0,7
BRDA:69,16,0,16
BRDA:90,17,0,6
BRDA:93,18,0,1
BRDA:95,19,0,5
BRDA:105,20,0,2
BRDA:111,21,0,1
BRF:22
BRH:18
end_of_record
